  main.cpp
C:\Users\tgoncalves\Documents\GitHub\SFML_Project\SFML_Project\main.cpp(37,75): warning C4305: 'argument' : troncation de 'double' à 'T'
          with
          [
              T=float
          ]
C:\Users\tgoncalves\Documents\GitHub\SFML_Project\SFML_Project\main.cpp(38,74): warning C4305: 'argument' : troncation de 'double' à 'T'
          with
          [
              T=float
          ]
C:\Users\tgoncalves\Documents\GitHub\SFML_Project\SFML_Project\main.cpp(39,71): warning C4305: 'argument' : troncation de 'double' à 'T'
          with
          [
              T=float
          ]
C:\Users\tgoncalves\Documents\GitHub\SFML_Project\SFML_Project\main.cpp(40,72): warning C4305: 'argument' : troncation de 'double' à 'T'
          with
          [
              T=float
          ]
C:\Users\tgoncalves\Documents\GitHub\SFML_Project\SFML_Project\main.cpp(41,102): warning C4244: 'argument' : conversion de 'T' en 'float', perte possible de données
          with
          [
              T=int
          ]
C:\Users\tgoncalves\Documents\GitHub\SFML_Project\SFML_Project\main.cpp(41,78): warning C4244: 'argument' : conversion de 'T' en 'float', perte possible de données
          with
          [
              T=int
          ]
  Génération de code en cours
  1 of 8 functions (12.5%) were compiled, the rest were copied from previous compilation.
    0 functions were new in current compilation
    0 functions had inline decision re-evaluated but remain unchanged
  Fin de la génération du code
  SFML_Project.vcxproj -> C:\Users\tgoncalves\Documents\GitHub\SFML_Project\x64\Release\SFML_Project.exe
